15:20:39 **** Build of configuration CudaGCC_parallel for project Student_Cuda_Tools_Reduction ****
cbicc cuda jall 

--------------------------------------------------------
[Runtime] : gcc x86
--------------------------------------------------------


[cuda]        : /usr/local

[jni]         : /usr/lib/jvm/java-17-openjdk-amd64

[X11]         : /usr/include/X11

[MKL]         : /opt/intel/oneapi/mkl/latest

[boost]       : /opt/api/ext/boost

[opencv]      : /opt/api/ext/opencv

[cpptest]     : /opt/api/ext/cpptest

[gphoto2]     : /opt/api/ext/gphoto2

[urg]         : /opt/api/ext/urg

[wic]         : /opt/api/ext/wic 

[pleora]      : /opt/api/ext/pleora

[glm]      : /opt/api/ext/GLM

[dronecode]         : /opt/api/ext/dronecode

[cudnn]      : /opt/api/ext/cudnn

[tensorRT]      : /opt/api/ext/tensorRT

[jetson-inference]         : /opt/api/ext/jetson-inference

[Runtime] : BILAT_INFOGRAPHIE           /opt/api/cbi/infographie

     BILAT_TOOLS_JST_HOME             = /opt/api/cbi/infographie/tools
     BILAT_OPENGL_HOME                = /opt/api/cbi/infographie/opengl
     BILAT_FENETRAGE_HOME             = /opt/api/cbi/infographie/fenetrage
     BILAT_IMAGE_HOME                 = /opt/api/cbi/infographie/image
     BILAT_SCENE_3D_HOME              = /opt/api/cbi/infographie/scene3d

[Runtime] : BILAT_TOOLS                 /opt/api/cbi/tools

     BILAT_TOOLS_CPP_HOME             = /opt/api/cbi/tools/bilat_tools_cpp
     BILAT_TOOLS_OMP_HOME             = /opt/api/cbi/tools/bilat_tools_omp
     BILAT_TOOLS_CUDA_HOME            = /opt/api/cbi/tools/bilat_tools_cuda
     BILAT_TOOLS_MKL_HOME             = /opt/api/cbi/tools/bilat_tools_mkl
     BILAT_TOOLS_OPENCV_HOME          = /opt/api/cbi/tools/bilat_tools_opencv
     BILAT_TOOLS_V4L_HOME             = /opt/api/cbi/tools/bilat_tools_v4l
     BILAT_TOOLS_CUDA_IMAGE_HOME      = /opt/api/cbi/tools/bilat_tools_cuda_image
     BILAT_TOOLS_CUDA_IMAGE_CV_HOME   = /opt/api/cbi/tools/bilat_tools_cuda_image_cv
     BILAT_TOOLS_IMAGE_HOME           = /opt/api/cbi/tools/bilat_tools_image
     BILAT_TOOLS_IMAGE_CV_HOME        = /opt/api/cbi/tools/bilat_tools_image_cv
     BILAT_TOOLS_CUDA_3D_HOME         = /opt/api/cbi/tools/bilat_tools_cuda_3D
     BILAT_TOOLS_JNI_HOME             = /opt/api/cbi/tools/bilat_tools_jni

[Runtime] : BILAT_CAPTEUR               /opt/api/cbi/capteur

     BILAT_GPHOTO2_HOME                 = /opt/api/cbi/capteur/bilat_gphoto2
     BILAT_LASER_HOME                   = /opt/api/cbi/capteur/bilat_laser
     BILAT_LIDAR_HOME                   = /opt/api/cbi/capteur/bilat_lidar
     BILAT_TAU2_HOME                    = /opt/api/cbi/capteur/bilat_tau2
     BILAT_SPEECH_HOME                  = /opt/api/cbi/capteur/bilat_speech
     BILAT_GPS_HOME                     = /opt/api/cbi/capteur/bilat_gps

--------------------------------------------------------
[Runtime] : gcc x86 : Ready!
--------------------------------------------------------


g++ (Ubuntu 11.4.0-1ubuntu1~22.04) 11.4.0
Copyright (C) 2021 Free Software Foundation, Inc.
This is free software; see the source for copying conditions.  There is NO
warranty; not even for MERCHANTABILITY or FITNESS FOR A PARTICULAR PURPOSE.


nvcc: NVIDIA (R) Cuda compiler driver
Copyright (c) 2005-2022 NVIDIA Corporation
Built on Wed_Sep_21_10:33:58_PDT_2022
Cuda compilation tools, release 11.8, V11.8.89
Build cuda_11.8.r11.8/compiler.31833905_0


[CUDA GCC] : jall


==================================================================================
[CBI] -> Target Name  : Student_Cuda_Tools_Recution_bilat_cuda_118_x86_64
[CBI] ->
[CBI] -> Build        : /tmp/ramdrive/bilat/Targets/Student_Cuda_Tools_Recution_bilat/bin/Student_Cuda_Tools_Recution_bilat_cuda_118_x86_64.run
[CBI] -> Deploy       : ../RELEASE/bin
[CBI] ->
[CBI] -> Type	      : EXE
[CBI] -> Arch	      : x86_64
[CBI] -> OS	 		  : Linux
[CBI] -> User	 	  : bilat
[CBI] ->
[CBI] -> Task		  : Compiling-Linking !
==================================================================================

[CBI] -> SRC AUX (Recursif) :
[CBI] ->
[CBI] ->              : /opt/api/ext/cpptest/200/LIB_STATIC/gcc

[CBI] -> CXXFLAGS (Partial) :
[CBI] ->
[CBI] ->              : -fopenmp
[CBI] ->              : -std=c++17
[CBI] ->              : -O3
[CBI] ->              : -frerun-loop-opt
[CBI] ->              : -fomit-frame-pointer

[CBI] -> CXXLDFLAGS (Partial) :
[CBI] ->

[CBI] -> NVCCFLAGS (Partial) :
[CBI] ->
[CBI] ->              : --fmad=true
[CBI] ->              : -arch=sm_75
[CBI] ->              : -m64
[CBI] ->              : -std=c++17
[CBI] ->              : -use_fast_math

[CBI] -> NVCCLDFLAGS (Partial) :
[CBI] ->
[CBI] ->              : -arch=sm_75

[CBI] -> INC_PATH (auto detect):
[CBI] ->              : src/01_cudatools/add/
[CBI] ->              : src/01_cudatools/generic/
[CBI] ->              : src/02_use_cuda/add/int/PI/host/
[CBI] ->              : src/02_use_cuda/add/int/PII/host/
[CBI] ->              : src/02_use_cuda/generic/int/PI/host/
[CBI] ->              : src/02_use_cuda/generic/int/PII/host/
[CBI] ->              : src/02_use_cuda/generic/long/PII/host/
[CBI] ->              : src/03_private/a_use_wrapper/add/int/PI/use/
[CBI] ->              : src/03_private/a_use_wrapper/add/int/PII/use/
[CBI] ->              : src/03_private/a_use_wrapper/generic/int/PI/use/
[CBI] ->              : src/03_private/a_use_wrapper/generic/int/PII/use/
[CBI] ->              : src/03_private/a_use_wrapper/generic/long/PII/use/
[CBI] ->              : src/03_private/a_use_wrapper/tools/protocole/int/
[CBI] ->              : src/03_private/a_use_wrapper/tools/protocole/int/I/
[CBI] ->              : src/03_private/a_use_wrapper/tools/protocole/int/II/
[CBI] ->              : src/03_private/a_use_wrapper/tools/protocole/long/
[CBI] ->              : src/03_private/a_use_wrapper/tools/protocole/long/II/
[CBI] ->              : src/03_private/a_use_wrapper/tools/use/
[CBI] ->              : src/03_private/b_test/add/int/PI/
[CBI] ->              : src/03_private/b_test/add/int/PII/
[CBI] ->              : src/03_private/b_test/generic/int/PI/
[CBI] ->              : src/03_private/b_test/generic/int/PII/
[CBI] ->              : src/03_private/b_test/generic/long/PII/


[CBI] -> LIB_PATH (auto detect):

[CBI] -> LIB_PATH (auto detect):

[CBI] -> API_INC :
[CBI] ->              : /opt/api/cbi/tools/bilat_tools_cpp/305_014/INC
[CBI] ->              : /opt/api/cbi/tools/bilat_tools_cpp/305_014/INC/tools
[CBI] ->              : /opt/api/cbi/tools/bilat_tools_cpp/305_014/INC/tools/02_fps
[CBI] ->              : /opt/api/cbi/tools/bilat_tools_cpp/305_014/INC/tools/02_fps/01_namespace_cpu
[CBI] ->              : /opt/api/cbi/tools/bilat_tools_cpp/305_014/INC/tools/03_array
[CBI] ->              : /opt/api/cbi/tools/bilat_tools_cpp/305_014/INC/tools/04_files
[CBI] ->              : /opt/api/cbi/tools/bilat_tools_cpp/305_014/INC/tools/05_chrono
[CBI] ->              : /opt/api/cbi/tools/bilat_tools_cpp/305_014/INC/tools/05_chrono/clock
[CBI] ->              : /opt/api/cbi/tools/bilat_tools_cpp/305_014/INC/tools/05_chrono/omp
[CBI] ->              : /opt/api/cbi/tools/bilat_tools_cpp/305_014/INC/tools/05_chrono/std
[CBI] ->              : /opt/api/cbi/tools/bilat_tools_cpp/305_014/INC/tools/06_context
[CBI] ->              : /opt/api/cbi/tools/bilat_tools_cpp/305_014/INC/tools/cpp
[CBI] ->              : /opt/api/cbi/tools/bilat_tools_cpp/305_014/INC/tools/header
[CBI] ->              : /opt/api/cbi/tools/bilat_tools_cuda/305_014/INC
[CBI] ->              : /opt/api/cbi/tools/bilat_tools_cuda/305_014/INC/cudatools
[CBI] ->              : /opt/api/cbi/tools/bilat_tools_cuda/305_014/INC/cudatools/01_nvidia
[CBI] ->              : /opt/api/cbi/tools/bilat_tools_cuda/305_014/INC/cudatools/02_cudaContext
[CBI] ->              : /opt/api/cbi/tools/bilat_tools_cuda/305_014/INC/cudatools/02_cudaContext/simple
[CBI] ->              : /opt/api/cbi/tools/bilat_tools_cuda/305_014/INC/cudatools/02_cudaContext/simple/enum
[CBI] ->              : /opt/api/cbi/tools/bilat_tools_cuda/305_014/INC/cudatools/03_tid
[CBI] ->              : /opt/api/cbi/tools/bilat_tools_cuda/305_014/INC/cudatools/04_host_wrapper
[CBI] ->              : /opt/api/cbi/tools/bilat_tools_cuda/305_014/INC/cudatools/04_host_wrapper/00_grid
[CBI] ->              : /opt/api/cbi/tools/bilat_tools_cuda/305_014/INC/cudatools/04_host_wrapper/01_memory
[CBI] ->              : /opt/api/cbi/tools/bilat_tools_cuda/305_014/INC/cudatools/04_host_wrapper/01_memory/cm
[CBI] ->              : /opt/api/cbi/tools/bilat_tools_cuda/305_014/INC/cudatools/04_host_wrapper/01_memory/gm
[CBI] ->              : /opt/api/cbi/tools/bilat_tools_cuda/305_014/INC/cudatools/04_host_wrapper/01_memory/hm
[CBI] ->              : /opt/api/cbi/tools/bilat_tools_cuda/305_014/INC/cudatools/04_host_wrapper/01_memory/sm
[CBI] ->              : /opt/api/cbi/tools/bilat_tools_cuda/305_014/INC/cudatools/04_host_wrapper/02_stream
[CBI] ->              : /opt/api/cbi/tools/bilat_tools_cuda/305_014/INC/cudatools/04_host_wrapper/03_kernel
[CBI] ->              : /opt/api/cbi/tools/bilat_tools_cuda/305_014/INC/cudatools/04_host_wrapper/04_hardware
[CBI] ->              : /opt/api/cbi/tools/bilat_tools_cuda/305_014/INC/cudatools/04_host_wrapper/05_cuda_array
[CBI] ->              : /opt/api/cbi/tools/bilat_tools_cuda/305_014/INC/cudatools/04_host_wrapper/05_cuda_array/a_low_level
[CBI] ->              : /opt/api/cbi/tools/bilat_tools_cuda/305_014/INC/cudatools/04_host_wrapper/05_cuda_array/a_low_level/01_cuda_array
[CBI] ->              : /opt/api/cbi/tools/bilat_tools_cuda/305_014/INC/cudatools/04_host_wrapper/05_cuda_array/a_low_level/02_texture
[CBI] ->              : /opt/api/cbi/tools/bilat_tools_cuda/305_014/INC/cudatools/04_host_wrapper/05_cuda_array/a_low_level/03_surface
[CBI] ->              : /opt/api/cbi/tools/bilat_tools_cuda/305_014/INC/cudatools/04_host_wrapper/05_cuda_array/b_high_level
[CBI] ->              : /opt/api/cbi/tools/bilat_tools_cuda/305_014/INC/cudatools/05_runnable
[CBI] ->              : /opt/api/cbi/tools/bilat_tools_cuda/305_014/INC/cudatools/06_fps
[CBI] ->              : /opt/api/cbi/tools/bilat_tools_cuda/305_014/INC/cudatools/07_benchmark
[CBI] ->              : /opt/api/cbi/tools/bilat_tools_cuda/305_014/INC/cudatools/08_bruteforce
[CBI] ->              : /opt/api/cbi/tools/bilat_tools_cuda/305_014/INC/cudatools/08_bruteforce/maillage
[CBI] ->              : /opt/api/cbi/tools/bilat_tools_cuda/305_014/INC/cudatools/08_bruteforce/matlab
[CBI] ->              : /opt/api/cbi/tools/bilat_tools_cuda/305_014/INC/cudatools/08_bruteforce/output
[CBI] ->              : /opt/api/cbi/tools/bilat_tools_cuda/305_014/INC/cudatools/08_bruteforce/output/io
[CBI] ->              : /opt/api/cbi/tools/bilat_tools_cuda/305_014/INC/cudatools/09_tests
[CBI] ->              : /opt/api/cbi/tools/bilat_tools_cuda/305_014/INC/cudatools/09_tests/filter
[CBI] ->              : /opt/api/cbi/tools/bilat_tools_cuda/305_014/INC/cudatools/09_tests/filter/concret
[CBI] ->              : /opt/api/cbi/tools/bilat_tools_cuda/305_014/INC/cudatools/10_reducer
[CBI] ->              : /opt/api/cbi/tools/bilat_tools_cuda/305_014/INC/cudatools/10_reducer/derivate
[CBI] ->              : /opt/api/cbi/tools/bilat_tools_cuda/305_014/INC/cudatools/10_reducer/synchronisation
[CBI] ->              : /opt/api/cbi/tools/bilat_tools_cuda/305_014/INC/cudatools/11_use
[CBI] ->              : /opt/api/cbi/tools/bilat_tools_cuda/305_014/INC/cudatools/tools
[CBI] ->              : /opt/api/cbi/tools/bilat_tools_cuda/305_014/INC/cudatools/tools/both
[CBI] ->              : /opt/api/cbi/tools/bilat_tools_cuda/305_014/INC/cudatools/tools/device
[CBI] ->              : /opt/api/cbi/tools/bilat_tools_cuda/305_014/INC/cudatools/tools/host
[CBI] ->              : /opt/api/cbi/tools/bilat_tools_omp/305_014/INC
[CBI] ->              : /opt/api/cbi/tools/bilat_tools_omp/305_014/INC/OMP_Tools
[CBI] ->              : /opt/api/ext/boost/1830/include
[CBI] ->              : /opt/api/ext/boost/1830/include/boost
[CBI] ->              : /opt/api/ext/cpptest/200/INC
[CBI] ->              : /opt/api/ext/cpptest/200/INC/extension
[CBI] ->              : /usr/local/cuda/include
[CBI] ->              : /usr/local/cuda/include/CL
[CBI] ->              : /usr/local/cuda/include/crt

[CBI] -> API_BIN :
[CBI] ->              : /opt/api/cbi/tools/bilat_tools_cpp/305_014/BIN/gcc
[CBI] ->              : /opt/api/cbi/tools/bilat_tools_cuda/305_014/BIN/gcc
[CBI] ->              : /opt/api/cbi/tools/bilat_tools_omp/305_014/BIN/gcc
[CBI] ->              : /opt/api/ext/boost/1830/lib/gcc
[CBI] ->              : /usr/local/cuda/lib64

[CBI] -> API_LIBRARIES_STATIC :
[CBI] ->              : /opt/api/ext/cpptest/200/LIB_STATIC/gcc

[CBI] -> API_LIBRARIES :
[CBI] ->              : BilatTools_CPP_305_014_gcc_x86_64
[CBI] ->              : BilatTools_Cuda_305_014_cuda_118_x86_64
[CBI] ->              : BilatTools_OMP_305_014_gcc_x86_64
[CBI] ->              : OpenCL
[CBI] ->              : accinj64
[CBI] ->              : boost_atomic-gcc1140
[CBI] ->              : boost_chrono-gcc1140
[CBI] ->              : boost_container-gcc1140
[CBI] ->              : boost_context-gcc1140
[CBI] ->              : boost_contract-gcc1140
[CBI] ->              : boost_coroutine-gcc1140
[CBI] ->              : boost_date_time-gcc1140
[CBI] ->              : boost_fiber-gcc1140
[CBI] ->              : boost_filesystem-gcc1140
[CBI] ->              : boost_graph-gcc1140
[CBI] ->              : boost_iostreams-gcc1140
[CBI] ->              : boost_json-gcc1140
[CBI] ->              : boost_locale-gcc1140
[CBI] ->              : boost_log-gcc1140
[CBI] ->              : boost_log_setup-gcc1140
[CBI] ->              : boost_math_c99-gcc1140
[CBI] ->              : boost_math_c99f-gcc1140
[CBI] ->              : boost_math_c99l-gcc1140
[CBI] ->              : boost_math_tr1-gcc1140
[CBI] ->              : boost_math_tr1f-gcc1140
[CBI] ->              : boost_math_tr1l-gcc1140
[CBI] ->              : boost_nowide-gcc1140
[CBI] ->              : boost_prg_exec_monitor-gcc1140
[CBI] ->              : boost_program_options-gcc1140
[CBI] ->              : boost_random-gcc1140
[CBI] ->              : boost_regex-gcc1140
[CBI] ->              : boost_serialization-gcc1140
[CBI] ->              : boost_stacktrace_addr2line-gcc1140
[CBI] ->              : boost_stacktrace_backtrace-gcc1140
[CBI] ->              : boost_stacktrace_basic-gcc1140
[CBI] ->              : boost_stacktrace_noop-gcc1140
[CBI] ->              : boost_system-gcc1140
[CBI] ->              : boost_thread-gcc1140
[CBI] ->              : boost_timer-gcc1140
[CBI] ->              : boost_type_erasure-gcc1140
[CBI] ->              : boost_unit_test_framework-gcc1140
[CBI] ->              : boost_url-gcc1140
[CBI] ->              : boost_wave-gcc1140
[CBI] ->              : boost_wserialization-gcc1140
[CBI] ->              : cublas
[CBI] ->              : cublasLt
[CBI] ->              : cudart
[CBI] ->              : cufft
[CBI] ->              : cufftw
[CBI] ->              : cufile
[CBI] ->              : cufile_rdma
[CBI] ->              : cuinj64
[CBI] ->              : curand
[CBI] ->              : cusolver
[CBI] ->              : cusolverMg
[CBI] ->              : cusparse
[CBI] ->              : nppc
[CBI] ->              : nppial
[CBI] ->              : nppicc
[CBI] ->              : nppidei
[CBI] ->              : nppif
[CBI] ->              : nppig
[CBI] ->              : nppim
[CBI] ->              : nppist
[CBI] ->              : nppisu
[CBI] ->              : nppitc
[CBI] ->              : npps
[CBI] ->              : nvToolsExt
[CBI] ->              : nvblas
[CBI] ->              : nvjpeg
[CBI] ->              : nvrtc
[CBI] ->              : nvrtc-builtins


[CBI] -> Compilation parallel (36 threads)

make[1]: Nothing to be done for 'compilelink'.

[CBI] -> Deploying      : ../RELEASE/bin/Student_Cuda_Tools_Recution_bilat_cuda_118_x86_64.run

[CBI] -> Symlink Project Inc
[CBI] -> To update code completion : ctrl-shift-s   or   gui/index/rebuild

[CBI] -> Student_Cuda_Tools_Recution_bilat_cuda_118_x86_64 : End ALL!


15:20:41 Build Finished. 0 errors, 0 warnings. (took 2s.63ms)

